07-27 11:10:06 com_github_MitjaNemec_ReplicateLayout.action_replicate_layout 400:Plugin executed on: 'linux'
07-27 11:10:06 com_github_MitjaNemec_ReplicateLayout.action_replicate_layout 401:Plugin executed with python version: '3.10.6 (main, May 29 2023, 11:10:38) [GCC 11.3.0]'
07-27 11:10:06 com_github_MitjaNemec_ReplicateLayout.action_replicate_layout 402:KiCad build version: 7.0.6-7.0.6~ubuntu22.04.1
07-27 11:10:06 com_github_MitjaNemec_ReplicateLayout.action_replicate_layout 403:Plugin version: 2.1.0
07-27 11:10:06 com_github_MitjaNemec_ReplicateLayout.action_replicate_layout 404:Frame repr: <wx._core.Frame object at 0x7f376a568c10>
07-27 11:10:06 com_github_MitjaNemec_ReplicateLayout.action_replicate_layout 428:Preparing replicator with SW12 as a reference
07-27 11:10:06 com_github_MitjaNemec_ReplicateLayout.replicate_layout 116:getting a list of all footprints on board
07-27 11:10:06 com_github_MitjaNemec_ReplicateLayout.action_replicate_layout 476:source anchor footprint is 'SW12'
Located on: ['Heater 2']
With filenames: ['driver_heater.kicad_sch']
With sheet_id:['Heater 2']
07-27 11:10:06 com_github_MitjaNemec_ReplicateLayout.action_replicate_layout 483:Corresponding footprints are 
[('SW11', ['Heater 0']), ('SW12', ['Heater 2']), ('SW10', ['Heater 1'])]
07-27 11:10:06 com_github_MitjaNemec_ReplicateLayout.action_replicate_layout 495:Showing dialog
07-27 11:10:06 com_github_MitjaNemec_ReplicateLayout.replicate_layout 403:constructing a list of sheets suitable for replication on level:'Heater 2', file:'driver_heater.kicad_sch'
07-27 11:10:06 com_github_MitjaNemec_ReplicateLayout.replicate_layout 440:suitable sheets are:[['Heater 0'], ['Heater 1']]
07-27 11:10:06 com_github_MitjaNemec_ReplicateLayout.replicate_layout 1411:Level selected: ['Heater 2']
07-27 11:10:06 com_github_MitjaNemec_ReplicateLayout.replicate_layout 1246:Filtering list of tracks
07-27 11:10:06 com_github_MitjaNemec_ReplicateLayout.action_replicate_layout 501:Toolbar position: wx.Point(1991, 165)
07-27 11:10:06 com_github_MitjaNemec_ReplicateLayout.action_replicate_layout 506:Dialog position: wx.Point(1629, 165)
07-27 11:10:11 com_github_MitjaNemec_ReplicateLayout.replicate_layout 403:constructing a list of sheets suitable for replication on level:'Heater 2', file:'driver_heater.kicad_sch'
07-27 11:10:11 com_github_MitjaNemec_ReplicateLayout.replicate_layout 440:suitable sheets are:[['Heater 0'], ['Heater 1']]
07-27 11:10:11 com_github_MitjaNemec_ReplicateLayout.action_replicate_layout 248:Replicating layout
07-27 11:10:11 com_github_MitjaNemec_ReplicateLayout.replicate_layout 239:Starting replication of sheets: [['Heater 0'], ['Heater 1']]
on level: ['Heater 2']
with tracks=True, zone=True, text=True, text=True, intersecting=False, remove=True, locked footprints=False, group_only=False
07-27 11:10:11 root 340:updating GUI message: 'Preparing for replication'
07-27 11:10:12 root 345:updating GUI with: 0
07-27 11:10:12 com_github_MitjaNemec_ReplicateLayout.replicate_layout 309:Getting the list of source footprints
07-27 11:10:12 root 345:updating GUI with: 0
07-27 11:10:12 com_github_MitjaNemec_ReplicateLayout.replicate_layout 319:Getting the list of all the remaining footprints
07-27 11:10:12 com_github_MitjaNemec_ReplicateLayout.replicate_layout 326:Getting source tracks
07-27 11:10:12 com_github_MitjaNemec_ReplicateLayout.replicate_layout 1246:Filtering list of tracks
07-27 11:10:12 com_github_MitjaNemec_ReplicateLayout.replicate_layout 330:Getting source zones
07-27 11:10:12 com_github_MitjaNemec_ReplicateLayout.replicate_layout 334:Getting source text items
07-27 11:10:12 root 345:updating GUI with: 66
07-27 11:10:12 com_github_MitjaNemec_ReplicateLayout.replicate_layout 338:Getting source drawing items
07-27 11:10:12 com_github_MitjaNemec_ReplicateLayout.replicate_layout 271:Removing tracks and zones, before footprint placement
07-27 11:10:12 root 340:updating GUI message: 'Removing zones and tracks'
07-27 11:10:12 com_github_MitjaNemec_ReplicateLayout.replicate_layout 1192:Remove bounding box top:87335000, bottom:110720000, Left:130655000, Right:139605000
07-27 11:10:12 root 345:updating GUI with: 50
07-27 11:10:12 com_github_MitjaNemec_ReplicateLayout.replicate_layout 1192:Remove bounding box top:87335000, bottom:110720000, Left:123035000, Right:131985000
07-27 11:10:12 root 340:updating GUI message: 'Replicating footprints'
07-27 11:10:12 root 345:updating GUI with: 0
07-27 11:10:12 com_github_MitjaNemec_ReplicateLayout.replicate_layout 754:Replicating footprints
07-27 11:10:12 com_github_MitjaNemec_ReplicateLayout.replicate_layout 761:Replicating footprints on sheet ['Heater 0']
07-27 11:10:12 com_github_MitjaNemec_ReplicateLayout.replicate_layout 761:Replicating footprints on sheet ['Heater 1']
07-27 11:10:12 com_github_MitjaNemec_ReplicateLayout.replicate_layout 279:Removing tracks and zones, after footprint placement
07-27 11:10:12 root 340:updating GUI message: 'Removing zones and tracks'
07-27 11:10:12 root 345:updating GUI with: 0
07-27 11:10:12 com_github_MitjaNemec_ReplicateLayout.replicate_layout 1192:Remove bounding box top:87335000, bottom:110720000, Left:130655000, Right:139605000
07-27 11:10:12 com_github_MitjaNemec_ReplicateLayout.replicate_layout 1192:Remove bounding box top:87335000, bottom:110720000, Left:123035000, Right:131985000
07-27 11:10:12 root 340:updating GUI message: 'Replicating tracks'
07-27 11:10:12 root 345:updating GUI with: 0
07-27 11:10:12 com_github_MitjaNemec_ReplicateLayout.replicate_layout 924:Replicating tracks
07-27 11:10:12 root 345:updating GUI with: 0
07-27 11:10:12 com_github_MitjaNemec_ReplicateLayout.replicate_layout 930:Replicating tracks on sheet ['Heater 0']
07-27 11:10:12 com_github_MitjaNemec_ReplicateLayout.replicate_layout 749:Net pairs for sheet ['Heater 0'] :[('Net-(D15-K)', 'Net-(D14-K)'), ('Net-(D10-K)', 'Net-(D9-K)'), ('/HE2_Gate', '/HE0_Gate'), ('+24V', '+24V'), ('GND', 'GND'), ('Net-(D10-A)', 'Net-(D9-A)'), ('Net-(J19-Pin_2)', 'Net-(J18-Pin_2)')]
07-27 11:10:12 com_github_MitjaNemec_ReplicateLayout.replicate_layout 930:Replicating tracks on sheet ['Heater 1']
07-27 11:10:12 com_github_MitjaNemec_ReplicateLayout.replicate_layout 749:Net pairs for sheet ['Heater 1'] :[('/HE2_Gate', '/HE1_Gate'), ('Net-(D10-K)', 'Net-(D8-K)'), ('+24V', '+24V'), ('Net-(D15-K)', 'Net-(D13-K)'), ('Net-(J19-Pin_2)', 'Net-(J17-Pin_2)'), ('GND', 'GND'), ('Net-(D10-A)', 'Net-(D8-A)')]
07-27 11:10:12 root 340:updating GUI message: 'Replicating zones'
07-27 11:10:12 com_github_MitjaNemec_ReplicateLayout.replicate_layout 994:Replicating zones
07-27 11:10:12 com_github_MitjaNemec_ReplicateLayout.replicate_layout 1001:Replicating zones on sheet ['Heater 0']
07-27 11:10:12 com_github_MitjaNemec_ReplicateLayout.replicate_layout 749:Net pairs for sheet ['Heater 0'] :[('Net-(D15-K)', 'Net-(D14-K)'), ('Net-(D10-K)', 'Net-(D9-K)'), ('/HE2_Gate', '/HE0_Gate'), ('+24V', '+24V'), ('GND', 'GND'), ('Net-(D10-A)', 'Net-(D9-A)'), ('Net-(J19-Pin_2)', 'Net-(J18-Pin_2)')]
07-27 11:10:12 com_github_MitjaNemec_ReplicateLayout.replicate_layout 1001:Replicating zones on sheet ['Heater 1']
07-27 11:10:12 com_github_MitjaNemec_ReplicateLayout.replicate_layout 749:Net pairs for sheet ['Heater 1'] :[('/HE2_Gate', '/HE1_Gate'), ('Net-(D10-K)', 'Net-(D8-K)'), ('+24V', '+24V'), ('Net-(D15-K)', 'Net-(D13-K)'), ('Net-(J19-Pin_2)', 'Net-(J17-Pin_2)'), ('GND', 'GND'), ('Net-(D10-A)', 'Net-(D8-A)')]
07-27 11:10:12 root 340:updating GUI message: 'Replicating text'
07-27 11:10:12 com_github_MitjaNemec_ReplicateLayout.replicate_layout 1083:Replicating text
07-27 11:10:12 com_github_MitjaNemec_ReplicateLayout.replicate_layout 1090:Replicating text on sheet ['Heater 0']
07-27 11:10:12 com_github_MitjaNemec_ReplicateLayout.replicate_layout 1090:Replicating text on sheet ['Heater 1']
07-27 11:10:12 root 340:updating GUI message: 'Replicating drawings'
07-27 11:10:12 com_github_MitjaNemec_ReplicateLayout.replicate_layout 1134:Replicating drawings
07-27 11:10:12 com_github_MitjaNemec_ReplicateLayout.replicate_layout 1140:Replicating drawings on sheet ['Heater 0']
07-27 11:10:12 com_github_MitjaNemec_ReplicateLayout.replicate_layout 1140:Replicating drawings on sheet ['Heater 1']
07-27 11:10:12 root 340:updating GUI message: 'Removing duplicates'
07-27 11:10:13 com_github_MitjaNemec_ReplicateLayout.action_replicate_layout 264:Replication complete
